-------------------------------------------------------------------------------
Test set: co.phainix.geobyte.test.user.UserRepositoryTest
-------------------------------------------------------------------------------
Tests run: 7, Failures: 1, Errors: 0, Skipped: 0, Time elapsed: 0.927 s <<< FAILURE! - in co.phainix.geobyte.test.user.UserRepositoryTest
shouldStoreAUser  Time elapsed: 0.041 s  <<< FAILURE!
java.lang.AssertionError: 

Expecting
  <User{id=3, name='Lorem Ipsum', email='lorem.ipsum@gmail.com', password='null', status=ACTIVE, date_created=null}>
to have a property or a field named <"status">
	at co.phainix.geobyte.test.user.UserRepositoryTest.shouldStoreAUser(UserRepositoryTest.java:41)

