-------------------------------------------------------------------------------
Test set: co.phainix.geobyte.test.user.UserServiceImplTest
-------------------------------------------------------------------------------
Tests run: 3, Failures: 0, Errors: 1, Skipped: 0, Time elapsed: 15.51 s <<< FAILURE! - in co.phainix.geobyte.test.user.UserServiceImplTest
whenEmailDoesNotExist_thenUserCanSignUp  Time elapsed: 0.017 s  <<< ERROR!
co.phainix.geobyte.exception.GeoByteException$EntityNotFoundException: user.not.found
	at co.phainix.geobyte.test.user.UserServiceImplTest.whenEmailDoesNotExist_thenUserCanSignUp(UserServiceImplTest.java:107)

